<?xml version="1.0" encoding="UTF-8"?>
<!-- Generated by org.testng.reporters.JUnitXMLReporter -->
<testsuite hostname="DESKTOP-8IGUF9C" ignored="0" name="Default test" tests="4" failures="0" timestamp="2021-10-10T00:30:21 COT" time="44.433" errors="0">
  <testcase name="elegirArticulosAzarCarritoCompras" time="0.168" classname="testcases.CasosCarrito"/>
  <testcase name="anadirProductosAlCarrito" time="21.578" classname="testcases.CasosCarrito"/>
  <testcase name="verificarProductos" time="0.859" classname="testcases.CasosCarrito"/>
  <testcase name="verificarCheckOut" time="21.783" classname="testcases.CasosCarrito"/>
</testsuite> <!-- Default test -->
