<?xml version="1.0" encoding="UTF-8"?>
<!-- Generated by org.testng.reporters.JUnitXMLReporter -->
<testsuite hostname="DESKTOP-8IGUF9C" ignored="0" name="Default test" tests="4" failures="0" timestamp="2021-10-09T22:56:35 COT" time="40.277" errors="0">
  <testcase name="elegirArticulosAzarCarritoCompras" time="0.078" classname="testcases.CasosCarrito"/>
  <testcase name="anadirProductosAlCarrito" time="18.705" classname="testcases.CasosCarrito"/>
  <testcase name="verificarProductos" time="0.865" classname="testcases.CasosCarrito"/>
  <testcase name="verificarCheckOut" time="20.582" classname="testcases.CasosCarrito"/>
</testsuite> <!-- Default test -->
