<?xml version="1.0" encoding="UTF-8"?>
<!-- Generated by org.testng.reporters.JUnitXMLReporter -->
<testsuite hostname="DESKTOP-8IGUF9C" ignored="0" name="Casos de Prueba Carrito de Compras" tests="4" failures="1" timestamp="2021-10-03T22:56:24 COT" time="0.277" errors="0">
  <testcase name="elegirArticulosAzarCarritoCompras" time="0.02" classname="testcases.CasosCarrito">
    <failure type="java.lang.AssertionError" message="expected [My Store] but found [508 Resource Limit Is Reached]">
      <![CDATA[java.lang.AssertionError: expected [My Store] but found [508 Resource Limit Is Reached]
at testcases.CasosCarrito.elegirArticulosAzarCarritoCompras(CasosCarrito.java:31)
at java.util.ArrayList.forEach(Unknown Source)
... Removed 33 stack frames]]>
    </failure>
  </testcase> <!-- elegirArticulosAzarCarritoCompras -->
  <testcase name="anadirProductosAlCarrito" time="0.0" classname="testcases.CasosCarrito">
    <skipped/>
  </testcase> <!-- anadirProductosAlCarrito -->
  <testcase name="verificarProductos" time="0.0" classname="testcases.CasosCarrito">
    <skipped/>
  </testcase> <!-- verificarProductos -->
  <testcase name="verificarCheckOut" time="0.0" classname="testcases.CasosCarrito">
    <skipped/>
  </testcase> <!-- verificarCheckOut -->
</testsuite> <!-- Casos de Prueba Carrito de Compras -->
