<?xml version="1.0" encoding="UTF-8"?>
<!-- Generated by org.testng.reporters.JUnitXMLReporter -->
<testsuite hostname="DESKTOP-8IGUF9C" ignored="0" name="Casos de Prueba Carrito de Compras" tests="4" failures="0" timestamp="2021-10-05T21:10:29 COT" time="37.009" errors="0">
  <testcase name="elegirArticulosAzarCarritoCompras" time="0.148" classname="testcases.CasosCarrito"/>
  <testcase name="anadirProductosAlCarrito" time="17.406" classname="testcases.CasosCarrito"/>
  <testcase name="verificarProductos" time="0.941" classname="testcases.CasosCarrito"/>
  <testcase name="verificarCheckOut" time="18.459" classname="testcases.CasosCarrito"/>
</testsuite> <!-- Casos de Prueba Carrito de Compras -->
